ISim log file
Running: D:\University\Study\2022fall\co\P_7\ori\mips_txt_isim_beh.exe -intstyle ise -gui -tclbatch isim.cmd -wdb D:/University/Study/2022fall/co/P_7/ori/mips_txt_isim_beh.wdb 
ISim P.20131013 (signature 0x7708f090)
----------------------------------------------------------------------
INFO:Security:50 - The XILINXD_LICENSE_FILE environment variable is set to 'D:\Users\liuyi\Downloads\Xilinx_ise.lic'.
INFO:Security:53 - The LM_LICENSE_FILE environment variable is not set.
WARNING:Security:43 - No license file was found in the standard Xilinx license directory.
WARNING:Security:44 - Since no license file was found,
       please run the Xilinx License Configuration Manager
       (xlcm or "Manage Xilinx Licenses")
       to assist in obtaining a license.
WARNING:Security:42 - Your software subscription period has lapsed. Your current version of Xilinx tools will continue to function, but you no longer qualify for Xilinx software updates or new releases.


----------------------------------------------------------------------
This is a Full version of ISim.
Time resolution is 1 ps
# onerror resume
# wave add /
# run 20000 ns
Simulator is doing circuit initialization process.
Finished circuit initialization process.
@00003000: $23 <= 00000001
@00003008: $ 8 <= 01140000
@0000300c: $ 8 <= 01145140
@00003010: $ 9 <= 00000133
@00003018: $ 1 <= 00000401
@00003020: $ 1 <= 00000001
@00003028: $ 1 <= 00000002
@00003030: $ 1 <= 00000009
@00003038: *00000000 <= 01145140
@0000303c: $11 <= 01145140
@00004180: $ 1 <= 00000400
@00004188: $ 1 <= 00000000
@00004190: $ 1 <= 00003040
@0000419c: $ 1 <= 00003044
@000041a0: $23 <= 00000002
@00003044: $16 <= 00030000
@00003048: $ 8 <= 01140000
@0000304c: $ 8 <= 01145140
@00003050: $ 9 <= 00000133
@00003058: $ 1 <= 00000401
@00003060: $ 1 <= 00000001
@00003068: $ 1 <= 00000001
@00003070: $ 1 <= 00000009
@00004180: $ 1 <= 00000400
@00004188: $ 1 <= 00000000
@00004190: $ 1 <= 0000307c
@0000419c: $ 1 <= 00003080
@000041a0: $23 <= 00000003
@00003080: $11 <= 01145140
@00003088: $16 <= 01140000
@00003098: $18 <= 01140000
@0000309c: $18 <= 01145140
@000030a0: $22 <= 00000003
@000030a8: $ 1 <= 00000401
@000030b0: $ 1 <= 00000001
@000030b8: $ 1 <= 00000003
@000030c0: $ 1 <= 00000009
@000030c8: $ 1 <= 00000401
@00004180: $ 1 <= 80000400
@00004188: $ 1 <= 00000000
@00004190: $ 1 <= 000030d0
@000041a0: $23 <= 00000004
@000030d4: $ 1 <= 00000401
@000030e4: $17 <= 00005140
@000030e8: $18 <= 01140000
@000030ec: $18 <= 01145140
@000030f0: $22 <= 00000004
@000030f8: $ 1 <= 00000401
@00003100: $ 1 <= 00000001
@00003108: $ 1 <= 00000004
@00003110: $ 1 <= 00000009
@00003118: $12 <= 00000005
@0000311c: $ 1 <= 00000401
@00004180: $ 1 <= 80000400
@00004188: $ 1 <= 00000000
@00004190: $ 1 <= 00003124
@000041a0: $23 <= 00000005
@00003128: $ 1 <= 00000401
@00003118: $12 <= 00000006
@0000311c: $ 1 <= 00000401
@00003128: $ 1 <= 00000401
@00003138: $16 <= 01145140
@0000313c: $17 <= 01140000
@00003144: $ 1 <= 00000401
@0000314c: $ 1 <= 00000001
@00003154: $ 1 <= 00000003
@0000315c: $ 1 <= 00000009
@00003164: $ 8 <= 7fff0000
@00003168: $ 8 <= 7fffffff
@0000316c: $ 1 <= 00000001
@00004180: $ 1 <= 00000400
@00004188: $ 1 <= 00000000
@00004190: $ 1 <= 00003170
@0000419c: $ 1 <= 00003174
@000041a0: $23 <= 00000006
@00003178: $ 8 <= 00000001
@00003180: $ 1 <= 00000777
@00004180: $ 1 <= 00000028
@00004188: $ 1 <= 00000028
@00004190: $ 1 <= 00003184
@000041ac: $ 1 <= 00003584
@000041b0: $ 8 <= ffffca7c
@00004180: $ 1 <= 00000028
@00004188: $ 1 <= 00000028
@00004190: $ 1 <= 00003184
@000041ac: $ 1 <= 00003584
@000041b0: $ 8 <= ffffca7c
@00004180: $ 1 <= 00000028
@00004188: $ 1 <= 00000028
@00004190: $ 1 <= 00003184
@000041ac: $ 1 <= 00003584
@000041b0: $ 8 <= ffffca7c
@00004180: $ 1 <= 00000028
@00004188: $ 1 <= 00000028
@00004190: $ 1 <= 00003184
@000041ac: $ 1 <= 00003584
@000041b0: $ 8 <= ffffca7c
@00004180: $ 1 <= 00000028
@00004188: $ 1 <= 00000028
@00004190: $ 1 <= 00003184
@000041ac: $ 1 <= 00003584
@000041b0: $ 8 <= ffffca7c
@00004180: $ 1 <= 00000028
@00004188: $ 1 <= 00000028
@00004190: $ 1 <= 00003184
@000041ac: $ 1 <= 00003584
@000041b0: $ 8 <= ffffca7c
@00004180: $ 1 <= 00000028
@00004188: $ 1 <= 00000028
@00004190: $ 1 <= 00003184
@000041ac: $ 1 <= 00003584
@000041b0: $ 8 <= ffffca7c
@00004180: $ 1 <= 00000028
@00004188: $ 1 <= 00000028
@00004190: $ 1 <= 00003184
@000041ac: $ 1 <= 00003584
@000041b0: $ 8 <= ffffca7c
@00004180: $ 1 <= 00000028
@00004188: $ 1 <= 00000028
@00004190: $ 1 <= 00003184
@000041ac: $ 1 <= 00003584
@000041b0: $ 8 <= ffffca7c
@00004180: $ 1 <= 00000028
@00004188: $ 1 <= 00000028
@00004190: $ 1 <= 00003184
@000041ac: $ 1 <= 00003584
@000041b0: $ 8 <= ffffca7c
@00004180: $ 1 <= 00000028
@00004188: $ 1 <= 00000028
@00004190: $ 1 <= 00003184
@000041ac: $ 1 <= 00003584
@000041b0: $ 8 <= ffffca7c
@00004180: $ 1 <= 00000028
@00004188: $ 1 <= 00000028
@00004190: $ 1 <= 00003184
@000041ac: $ 1 <= 00003584
@000041b0: $ 8 <= ffffca7c
@00004180: $ 1 <= 00000028
@00004188: $ 1 <= 00000028
@00004190: $ 1 <= 00003184
@000041ac: $ 1 <= 00003584
@000041b0: $ 8 <= ffffca7c
@00004180: $ 1 <= 00000028
@00004188: $ 1 <= 00000028
@00004190: $ 1 <= 00003184
@000041ac: $ 1 <= 00003584
@000041b0: $ 8 <= ffffca7c
@00004180: $ 1 <= 00000028
@00004188: $ 1 <= 00000028
@00004190: $ 1 <= 00003184
@000041ac: $ 1 <= 00003584
@000041b0: $ 8 <= ffffca7c
@00004180: $ 1 <= 00000028
@00004188: $ 1 <= 00000028
@00004190: $ 1 <= 00003184
@000041ac: $ 1 <= 00003584
@000041b0: $ 8 <= ffffca7c
@00004180: $ 1 <= 00000028
@00004188: $ 1 <= 00000028
@00004190: $ 1 <= 00003184
@000041ac: $ 1 <= 00003584
@000041b0: $ 8 <= ffffca7c
@00004180: $ 1 <= 00000028
@00004188: $ 1 <= 00000028
@00004190: $ 1 <= 00003184
@000041ac: $ 1 <= 00003584
@000041b0: $ 8 <= ffffca7c
@00004180: $ 1 <= 00000028
@00004188: $ 1 <= 00000028
@00004190: $ 1 <= 00003184
@000041ac: $ 1 <= 00003584
@000041b0: $ 8 <= ffffca7c
@00004180: $ 1 <= 00000028
@00004188: $ 1 <= 00000028
@00004190: $ 1 <= 00003184
@000041ac: $ 1 <= 00003584
@000041b0: $ 8 <= ffffca7c
@00004180: $ 1 <= 00000028
@00004188: $ 1 <= 00000028
@00004190: $ 1 <= 00003184
@000041ac: $ 1 <= 00003584
@000041b0: $ 8 <= ffffca7c
@00004180: $ 1 <= 00000028
@00004188: $ 1 <= 00000028
@00004190: $ 1 <= 00003184
@000041ac: $ 1 <= 00003584
@000041b0: $ 8 <= ffffca7c
@00004180: $ 1 <= 00000028
@00004188: $ 1 <= 00000028
@00004190: $ 1 <= 00003184
@000041ac: $ 1 <= 00003584
@000041b0: $ 8 <= ffffca7c
@00004180: $ 1 <= 00000028
@00004188: $ 1 <= 00000028
@00004190: $ 1 <= 00003184
@000041ac: $ 1 <= 00003584
@000041b0: $ 8 <= ffffca7c
@00004180: $ 1 <= 00000028
@00004188: $ 1 <= 00000028
@00004190: $ 1 <= 00003184
@000041ac: $ 1 <= 00003584
@000041b0: $ 8 <= ffffca7c
@00004180: $ 1 <= 00000028
@00004188: $ 1 <= 00000028
@00004190: $ 1 <= 00003184
@000041ac: $ 1 <= 00003584
@000041b0: $ 8 <= ffffca7c
@00004180: $ 1 <= 00000028
@00004188: $ 1 <= 00000028
@00004190: $ 1 <= 00003184
@000041ac: $ 1 <= 00003584
@000041b0: $ 8 <= ffffca7c
@00004180: $ 1 <= 00000028
@00004188: $ 1 <= 00000028
@00004190: $ 1 <= 00003184
@000041ac: $ 1 <= 00003584
@000041b0: $ 8 <= ffffca7c
@00004180: $ 1 <= 00000028
@00004188: $ 1 <= 00000028
@00004190: $ 1 <= 00003184
@000041ac: $ 1 <= 00003584
@000041b0: $ 8 <= ffffca7c
@00004180: $ 1 <= 00000028
@00004188: $ 1 <= 00000028
@00004190: $ 1 <= 00003184
@000041ac: $ 1 <= 00003584
@000041b0: $ 8 <= ffffca7c
@00004180: $ 1 <= 00000028
@00004188: $ 1 <= 00000028
@00004190: $ 1 <= 00003184
@000041ac: $ 1 <= 00003584
@000041b0: $ 8 <= ffffca7c
@00004180: $ 1 <= 00000028
@00004188: $ 1 <= 00000028
@00004190: $ 1 <= 00003184
@000041ac: $ 1 <= 00003584
@000041b0: $ 8 <= ffffca7c
@00004180: $ 1 <= 00000028
@00004188: $ 1 <= 00000028
@00004190: $ 1 <= 00003184
@000041ac: $ 1 <= 00003584
@000041b0: $ 8 <= ffffca7c
@00004180: $ 1 <= 00000028
@00004188: $ 1 <= 00000028
@00004190: $ 1 <= 00003184
@000041ac: $ 1 <= 00003584
@000041b0: $ 8 <= ffffca7c
@00004180: $ 1 <= 00000028
@00004188: $ 1 <= 00000028
@00004190: $ 1 <= 00003184
@000041ac: $ 1 <= 00003584
@000041b0: $ 8 <= ffffca7c
@00004180: $ 1 <= 00000028
@00004188: $ 1 <= 00000028
@00004190: $ 1 <= 00003184
@000041ac: $ 1 <= 00003584
@000041b0: $ 8 <= ffffca7c
@00004180: $ 1 <= 00000028
@00004188: $ 1 <= 00000028
@00004190: $ 1 <= 00003184
@000041ac: $ 1 <= 00003584
@000041b0: $ 8 <= ffffca7c
@00004180: $ 1 <= 00000028
@00004188: $ 1 <= 00000028
@00004190: $ 1 <= 00003184
@000041ac: $ 1 <= 00003584
@000041b0: $ 8 <= ffffca7c
@00004180: $ 1 <= 00000028
@00004188: $ 1 <= 00000028
@00004190: $ 1 <= 00003184
@000041ac: $ 1 <= 00003584
@000041b0: $ 8 <= ffffca7c
@00004180: $ 1 <= 00000028
@00004188: $ 1 <= 00000028
@00004190: $ 1 <= 00003184
@000041ac: $ 1 <= 00003584
@000041b0: $ 8 <= ffffca7c
@00004180: $ 1 <= 00000028
@00004188: $ 1 <= 00000028
@00004190: $ 1 <= 00003184
@000041ac: $ 1 <= 00003584
@000041b0: $ 8 <= ffffca7c
@00004180: $ 1 <= 00000028
@00004188: $ 1 <= 00000028
@00004190: $ 1 <= 00003184
@000041ac: $ 1 <= 00003584
@000041b0: $ 8 <= ffffca7c
@00004180: $ 1 <= 00000028
@00004188: $ 1 <= 00000028
@00004190: $ 1 <= 00003184
@000041ac: $ 1 <= 00003584
@000041b0: $ 8 <= ffffca7c
@00004180: $ 1 <= 00000028
@00004188: $ 1 <= 00000028
@00004190: $ 1 <= 00003184
@000041ac: $ 1 <= 00003584
@000041b0: $ 8 <= ffffca7c
@00004180: $ 1 <= 00000028
@00004188: $ 1 <= 00000028
@00004190: $ 1 <= 00003184
@000041ac: $ 1 <= 00003584
@000041b0: $ 8 <= ffffca7c
@00004180: $ 1 <= 00000028
@00004188: $ 1 <= 00000028
@00004190: $ 1 <= 00003184
@000041ac: $ 1 <= 00003584
@000041b0: $ 8 <= ffffca7c
@00004180: $ 1 <= 00000028
@00004188: $ 1 <= 00000028
@00004190: $ 1 <= 00003184
@000041ac: $ 1 <= 00003584
@000041b0: $ 8 <= ffffca7c
@00004180: $ 1 <= 00000028
@00004188: $ 1 <= 00000028
@00004190: $ 1 <= 00003184
@000041ac: $ 1 <= 00003584
@000041b0: $ 8 <= ffffca7c
@00004180: $ 1 <= 00000028
@00004188: $ 1 <= 00000028
@00004190: $ 1 <= 00003184
@000041ac: $ 1 <= 00003584
@000041b0: $ 8 <= ffffca7c
@00004180: $ 1 <= 00000028
@00004188: $ 1 <= 00000028
@00004190: $ 1 <= 00003184
@000041ac: $ 1 <= 00003584
@000041b0: $ 8 <= ffffca7c
@00004180: $ 1 <= 00000028
@00004188: $ 1 <= 00000028
@00004190: $ 1 <= 00003184
@000041ac: $ 1 <= 00003584
@000041b0: $ 8 <= ffffca7c
@00004180: $ 1 <= 00000028
@00004188: $ 1 <= 00000028
@00004190: $ 1 <= 00003184
@000041ac: $ 1 <= 00003584
@000041b0: $ 8 <= ffffca7c
@00004180: $ 1 <= 00000028
@00004188: $ 1 <= 00000028
@00004190: $ 1 <= 00003184
@000041ac: $ 1 <= 00003584
@000041b0: $ 8 <= ffffca7c
@00004180: $ 1 <= 00000028
@00004188: $ 1 <= 00000028
@00004190: $ 1 <= 00003184
@000041ac: $ 1 <= 00003584
@000041b0: $ 8 <= ffffca7c
@00004180: $ 1 <= 00000028
@00004188: $ 1 <= 00000028
@00004190: $ 1 <= 00003184
@000041ac: $ 1 <= 00003584
@000041b0: $ 8 <= ffffca7c
@00004180: $ 1 <= 00000028
@00004188: $ 1 <= 00000028
@00004190: $ 1 <= 00003184
@000041ac: $ 1 <= 00003584
@000041b0: $ 8 <= ffffca7c
@00004180: $ 1 <= 00000028
@00004188: $ 1 <= 00000028
@00004190: $ 1 <= 00003184
@000041ac: $ 1 <= 00003584
@000041b0: $ 8 <= ffffca7c
@00004180: $ 1 <= 00000028
@00004188: $ 1 <= 00000028
@00004190: $ 1 <= 00003184
@000041ac: $ 1 <= 00003584
@000041b0: $ 8 <= ffffca7c
@00004180: $ 1 <= 00000028
@00004188: $ 1 <= 00000028
@00004190: $ 1 <= 00003184
@000041ac: $ 1 <= 00003584
@000041b0: $ 8 <= ffffca7c
@00004180: $ 1 <= 00000028
@00004188: $ 1 <= 00000028
@00004190: $ 1 <= 00003184
@000041ac: $ 1 <= 00003584
@000041b0: $ 8 <= ffffca7c
@00004180: $ 1 <= 00000028
@00004188: $ 1 <= 00000028
@00004190: $ 1 <= 00003184
@000041ac: $ 1 <= 00003584
@000041b0: $ 8 <= ffffca7c
@00004180: $ 1 <= 00000028
@00004188: $ 1 <= 00000028
@00004190: $ 1 <= 00003184
@000041ac: $ 1 <= 00003584
@000041b0: $ 8 <= ffffca7c
@00004180: $ 1 <= 00000028
@00004188: $ 1 <= 00000028
@00004190: $ 1 <= 00003184
@000041ac: $ 1 <= 00003584
@000041b0: $ 8 <= ffffca7c
@00004180: $ 1 <= 00000028
@00004188: $ 1 <= 00000028
@00004190: $ 1 <= 00003184
@000041ac: $ 1 <= 00003584
@000041b0: $ 8 <= ffffca7c
@00004180: $ 1 <= 00000028
@00004188: $ 1 <= 00000028
@00004190: $ 1 <= 00003184
@000041ac: $ 1 <= 00003584
@000041b0: $ 8 <= ffffca7c
@00004180: $ 1 <= 00000028
@00004188: $ 1 <= 00000028
@00004190: $ 1 <= 00003184
@000041ac: $ 1 <= 00003584
@000041b0: $ 8 <= ffffca7c
@00004180: $ 1 <= 00000028
@00004188: $ 1 <= 00000028
@00004190: $ 1 <= 00003184
@000041ac: $ 1 <= 00003584
@000041b0: $ 8 <= ffffca7c
@00004180: $ 1 <= 00000028
@00004188: $ 1 <= 00000028
@00004190: $ 1 <= 00003184
@000041ac: $ 1 <= 00003584
@000041b0: $ 8 <= ffffca7c
@00004180: $ 1 <= 00000028
@00004188: $ 1 <= 00000028
@00004190: $ 1 <= 00003184
@000041ac: $ 1 <= 00003584
@000041b0: $ 8 <= ffffca7c
@00004180: $ 1 <= 00000028
@00004188: $ 1 <= 00000028
@00004190: $ 1 <= 00003184
@000041ac: $ 1 <= 00003584
@000041b0: $ 8 <= ffffca7c
@00004180: $ 1 <= 00000028
@00004188: $ 1 <= 00000028
@00004190: $ 1 <= 00003184
@000041ac: $ 1 <= 00003584
@000041b0: $ 8 <= ffffca7c
@00004180: $ 1 <= 00000028
@00004188: $ 1 <= 00000028
@00004190: $ 1 <= 00003184
@000041ac: $ 1 <= 00003584
@000041b0: $ 8 <= ffffca7c
@00004180: $ 1 <= 00000028
@00004188: $ 1 <= 00000028
@00004190: $ 1 <= 00003184
@000041ac: $ 1 <= 00003584
@000041b0: $ 8 <= ffffca7c
@00004180: $ 1 <= 00000028
@00004188: $ 1 <= 00000028
@00004190: $ 1 <= 00003184
@000041ac: $ 1 <= 00003584
@000041b0: $ 8 <= ffffca7c
@00004180: $ 1 <= 00000028
@00004188: $ 1 <= 00000028
@00004190: $ 1 <= 00003184
@000041ac: $ 1 <= 00003584
@000041b0: $ 8 <= ffffca7c
@00004180: $ 1 <= 00000028
@00004188: $ 1 <= 00000028
@00004190: $ 1 <= 00003184
@000041ac: $ 1 <= 00003584
@000041b0: $ 8 <= ffffca7c
@00004180: $ 1 <= 00000028
@00004188: $ 1 <= 00000028
@00004190: $ 1 <= 00003184
@000041ac: $ 1 <= 00003584
@000041b0: $ 8 <= ffffca7c
@00004180: $ 1 <= 00000028
@00004188: $ 1 <= 00000028
@00004190: $ 1 <= 00003184
@000041ac: $ 1 <= 00003584
@000041b0: $ 8 <= ffffca7c
@00004180: $ 1 <= 00000028
@00004188: $ 1 <= 00000028
@00004190: $ 1 <= 00003184
@000041ac: $ 1 <= 00003584
@000041b0: $ 8 <= ffffca7c
@00004180: $ 1 <= 00000028
@00004188: $ 1 <= 00000028
@00004190: $ 1 <= 00003184
@000041ac: $ 1 <= 00003584
@000041b0: $ 8 <= ffffca7c
@00004180: $ 1 <= 00000028
@00004188: $ 1 <= 00000028
@00004190: $ 1 <= 00003184
@000041ac: $ 1 <= 00003584
@000041b0: $ 8 <= ffffca7c
@00004180: $ 1 <= 00000028
@00004188: $ 1 <= 00000028
@00004190: $ 1 <= 00003184
@000041ac: $ 1 <= 00003584
@000041b0: $ 8 <= ffffca7c
@00004180: $ 1 <= 00000028
@00004188: $ 1 <= 00000028
@00004190: $ 1 <= 00003184
@000041ac: $ 1 <= 00003584
@000041b0: $ 8 <= ffffca7c
@00004180: $ 1 <= 00000028
@00004188: $ 1 <= 00000028
@00004190: $ 1 <= 00003184
@000041ac: $ 1 <= 00003584
@000041b0: $ 8 <= ffffca7c
@00004180: $ 1 <= 00000028
@00004188: $ 1 <= 00000028
@00004190: $ 1 <= 00003184
@000041ac: $ 1 <= 00003584
@000041b0: $ 8 <= ffffca7c
@00004180: $ 1 <= 00000028
@00004188: $ 1 <= 00000028
@00004190: $ 1 <= 00003184
@000041ac: $ 1 <= 00003584
@000041b0: $ 8 <= ffffca7c
@00004180: $ 1 <= 00000028
@00004188: $ 1 <= 00000028
@00004190: $ 1 <= 00003184
@000041ac: $ 1 <= 00003584
@000041b0: $ 8 <= ffffca7c
@00004180: $ 1 <= 00000028
@00004188: $ 1 <= 00000028
@00004190: $ 1 <= 00003184
@000041ac: $ 1 <= 00003584
@000041b0: $ 8 <= ffffca7c
@00004180: $ 1 <= 00000028
@00004188: $ 1 <= 00000028
@00004190: $ 1 <= 00003184
@000041ac: $ 1 <= 00003584
@000041b0: $ 8 <= ffffca7c
@00004180: $ 1 <= 00000028
@00004188: $ 1 <= 00000028
@00004190: $ 1 <= 00003184
@000041ac: $ 1 <= 00003584
@000041b0: $ 8 <= ffffca7c
@00004180: $ 1 <= 00000028
@00004188: $ 1 <= 00000028
@00004190: $ 1 <= 00003184
@000041ac: $ 1 <= 00003584
@000041b0: $ 8 <= ffffca7c
@00004180: $ 1 <= 00000028
@00004188: $ 1 <= 00000028
@00004190: $ 1 <= 00003184
@000041ac: $ 1 <= 00003584
@000041b0: $ 8 <= ffffca7c
@00004180: $ 1 <= 00000028
@00004188: $ 1 <= 00000028
@00004190: $ 1 <= 00003184
@000041ac: $ 1 <= 00003584
@000041b0: $ 8 <= ffffca7c
@00004180: $ 1 <= 00000028
@00004188: $ 1 <= 00000028
@00004190: $ 1 <= 00003184
@000041ac: $ 1 <= 00003584
@000041b0: $ 8 <= ffffca7c
@00004180: $ 1 <= 00000028
@00004188: $ 1 <= 00000028
@00004190: $ 1 <= 00003184
@000041ac: $ 1 <= 00003584
@000041b0: $ 8 <= ffffca7c
@00004180: $ 1 <= 00000028
@00004188: $ 1 <= 00000028
@00004190: $ 1 <= 00003184
@000041ac: $ 1 <= 00003584
@000041b0: $ 8 <= ffffca7c
@00004180: $ 1 <= 00000028
@00004188: $ 1 <= 00000028
@00004190: $ 1 <= 00003184
@000041ac: $ 1 <= 00003584
@000041b0: $ 8 <= ffffca7c
@00004180: $ 1 <= 00000028
@00004188: $ 1 <= 00000028
@00004190: $ 1 <= 00003184
@000041ac: $ 1 <= 00003584
@000041b0: $ 8 <= ffffca7c
@00004180: $ 1 <= 00000028
@00004188: $ 1 <= 00000028
@00004190: $ 1 <= 00003184
@000041ac: $ 1 <= 00003584
@000041b0: $ 8 <= ffffca7c
@00004180: $ 1 <= 00000028
@00004188: $ 1 <= 00000028
@00004190: $ 1 <= 00003184
@000041ac: $ 1 <= 00003584
@000041b0: $ 8 <= ffffca7c
@00004180: $ 1 <= 00000028
@00004188: $ 1 <= 00000028
@00004190: $ 1 <= 00003184
@000041ac: $ 1 <= 00003584
@000041b0: $ 8 <= ffffca7c
@00004180: $ 1 <= 00000028
@00004188: $ 1 <= 00000028
@00004190: $ 1 <= 00003184
@000041ac: $ 1 <= 00003584
@000041b0: $ 8 <= ffffca7c
@00004180: $ 1 <= 00000028
@00004188: $ 1 <= 00000028
@00004190: $ 1 <= 00003184
@000041ac: $ 1 <= 00003584
@000041b0: $ 8 <= ffffca7c
@00004180: $ 1 <= 00000028
@00004188: $ 1 <= 00000028
@00004190: $ 1 <= 00003184
@000041ac: $ 1 <= 00003584
@000041b0: $ 8 <= ffffca7c
@00004180: $ 1 <= 00000028
@00004188: $ 1 <= 00000028
@00004190: $ 1 <= 00003184
@000041ac: $ 1 <= 00003584
@000041b0: $ 8 <= ffffca7c
@00004180: $ 1 <= 00000028
@00004188: $ 1 <= 00000028
@00004190: $ 1 <= 00003184
@000041ac: $ 1 <= 00003584
@000041b0: $ 8 <= ffffca7c
@00004180: $ 1 <= 00000028
@00004188: $ 1 <= 00000028
@00004190: $ 1 <= 00003184
@000041ac: $ 1 <= 00003584
@000041b0: $ 8 <= ffffca7c
@00004180: $ 1 <= 00000028
@00004188: $ 1 <= 00000028
@00004190: $ 1 <= 00003184
@000041ac: $ 1 <= 00003584
@000041b0: $ 8 <= ffffca7c
@00004180: $ 1 <= 00000028
@00004188: $ 1 <= 00000028
@00004190: $ 1 <= 00003184
@000041ac: $ 1 <= 00003584
@000041b0: $ 8 <= ffffca7c
@00004180: $ 1 <= 00000028
@00004188: $ 1 <= 00000028
@00004190: $ 1 <= 00003184
@000041ac: $ 1 <= 00003584
@000041b0: $ 8 <= ffffca7c
@00004180: $ 1 <= 00000028
@00004188: $ 1 <= 00000028
@00004190: $ 1 <= 00003184
@000041ac: $ 1 <= 00003584
@000041b0: $ 8 <= ffffca7c
@00004180: $ 1 <= 00000028
@00004188: $ 1 <= 00000028
@00004190: $ 1 <= 00003184
@000041ac: $ 1 <= 00003584
@000041b0: $ 8 <= ffffca7c
@00004180: $ 1 <= 00000028
@00004188: $ 1 <= 00000028
@00004190: $ 1 <= 00003184
@000041ac: $ 1 <= 00003584
@000041b0: $ 8 <= ffffca7c
@00004180: $ 1 <= 00000028
@00004188: $ 1 <= 00000028
@00004190: $ 1 <= 00003184
@000041ac: $ 1 <= 00003584
@000041b0: $ 8 <= ffffca7c
@00004180: $ 1 <= 00000028
@00004188: $ 1 <= 00000028
@00004190: $ 1 <= 00003184
@000041ac: $ 1 <= 00003584
@000041b0: $ 8 <= ffffca7c
@00004180: $ 1 <= 00000028
@00004188: $ 1 <= 00000028
@00004190: $ 1 <= 00003184
@000041ac: $ 1 <= 00003584
@000041b0: $ 8 <= ffffca7c
@00004180: $ 1 <= 00000028
@00004188: $ 1 <= 00000028
@00004190: $ 1 <= 00003184
@000041ac: $ 1 <= 00003584
@000041b0: $ 8 <= ffffca7c
@00004180: $ 1 <= 00000028
@00004188: $ 1 <= 00000028
@00004190: $ 1 <= 00003184
@000041ac: $ 1 <= 00003584
@000041b0: $ 8 <= ffffca7c
@00004180: $ 1 <= 00000028
@00004188: $ 1 <= 00000028
@00004190: $ 1 <= 00003184
@000041ac: $ 1 <= 00003584
@000041b0: $ 8 <= ffffca7c
@00004180: $ 1 <= 00000028
@00004188: $ 1 <= 00000028
@00004190: $ 1 <= 00003184
@000041ac: $ 1 <= 00003584
@000041b0: $ 8 <= ffffca7c
@00004180: $ 1 <= 00000028
@00004188: $ 1 <= 00000028
@00004190: $ 1 <= 00003184
@000041ac: $ 1 <= 00003584
@000041b0: $ 8 <= ffffca7c
@00004180: $ 1 <= 00000028
@00004188: $ 1 <= 00000028
@00004190: $ 1 <= 00003184
@000041ac: $ 1 <= 00003584
@000041b0: $ 8 <= ffffca7c
@00004180: $ 1 <= 00000028
@00004188: $ 1 <= 00000028
@00004190: $ 1 <= 00003184
@000041ac: $ 1 <= 00003584
@000041b0: $ 8 <= ffffca7c
@00004180: $ 1 <= 00000028
@00004188: $ 1 <= 00000028
@00004190: $ 1 <= 00003184
@000041ac: $ 1 <= 00003584
@000041b0: $ 8 <= ffffca7c
@00004180: $ 1 <= 00000028
@00004188: $ 1 <= 00000028
@00004190: $ 1 <= 00003184
@000041ac: $ 1 <= 00003584
@000041b0: $ 8 <= ffffca7c
@00004180: $ 1 <= 00000028
@00004188: $ 1 <= 00000028
@00004190: $ 1 <= 00003184
@000041ac: $ 1 <= 00003584
@000041b0: $ 8 <= ffffca7c
@00004180: $ 1 <= 00000028
@00004188: $ 1 <= 00000028
@00004190: $ 1 <= 00003184
@000041ac: $ 1 <= 00003584
@000041b0: $ 8 <= ffffca7c
@00004180: $ 1 <= 00000028
@00004188: $ 1 <= 00000028
@00004190: $ 1 <= 00003184
@000041ac: $ 1 <= 00003584
@000041b0: $ 8 <= ffffca7c
@00004180: $ 1 <= 00000028
@00004188: $ 1 <= 00000028
@00004190: $ 1 <= 00003184
@000041ac: $ 1 <= 00003584
@000041b0: $ 8 <= ffffca7c
@00004180: $ 1 <= 00000028
@00004188: $ 1 <= 00000028
@00004190: $ 1 <= 00003184
@000041ac: $ 1 <= 00003584
@000041b0: $ 8 <= ffffca7c
@00004180: $ 1 <= 00000028
@00004188: $ 1 <= 00000028
@00004190: $ 1 <= 00003184
@000041ac: $ 1 <= 00003584
@000041b0: $ 8 <= ffffca7c
@00004180: $ 1 <= 00000028
@00004188: $ 1 <= 00000028
@00004190: $ 1 <= 00003184
@000041ac: $ 1 <= 00003584
@000041b0: $ 8 <= ffffca7c
@00004180: $ 1 <= 00000028
@00004188: $ 1 <= 00000028
@00004190: $ 1 <= 00003184
@000041ac: $ 1 <= 00003584
@000041b0: $ 8 <= ffffca7c
@00004180: $ 1 <= 00000028
@00004188: $ 1 <= 00000028
@00004190: $ 1 <= 00003184
@000041ac: $ 1 <= 00003584
@000041b0: $ 8 <= ffffca7c
@00004180: $ 1 <= 00000028
@00004188: $ 1 <= 00000028
@00004190: $ 1 <= 00003184
@000041ac: $ 1 <= 00003584
@000041b0: $ 8 <= ffffca7c
@00004180: $ 1 <= 00000028
@00004188: $ 1 <= 00000028
@00004190: $ 1 <= 00003184
@000041ac: $ 1 <= 00003584
@000041b0: $ 8 <= ffffca7c
@00004180: $ 1 <= 00000028
@00004188: $ 1 <= 00000028
@00004190: $ 1 <= 00003184
@000041ac: $ 1 <= 00003584
@000041b0: $ 8 <= ffffca7c
@00004180: $ 1 <= 00000028
@00004188: $ 1 <= 00000028
@00004190: $ 1 <= 00003184
@000041ac: $ 1 <= 00003584
@000041b0: $ 8 <= ffffca7c
@00004180: $ 1 <= 00000028
@00004188: $ 1 <= 00000028
@00004190: $ 1 <= 00003184
@000041ac: $ 1 <= 00003584
@000041b0: $ 8 <= ffffca7c
@00004180: $ 1 <= 00000028
@00004188: $ 1 <= 00000028
@00004190: $ 1 <= 00003184
@000041ac: $ 1 <= 00003584
@000041b0: $ 8 <= ffffca7c
@00004180: $ 1 <= 00000028
@00004188: $ 1 <= 00000028
@00004190: $ 1 <= 00003184
@000041ac: $ 1 <= 00003584
@000041b0: $ 8 <= ffffca7c
@00004180: $ 1 <= 00000028
@00004188: $ 1 <= 00000028
@00004190: $ 1 <= 00003184
@000041ac: $ 1 <= 00003584
@000041b0: $ 8 <= ffffca7c
@00004180: $ 1 <= 00000028
@00004188: $ 1 <= 00000028
@00004190: $ 1 <= 00003184
@000041ac: $ 1 <= 00003584
@000041b0: $ 8 <= ffffca7c
@00004180: $ 1 <= 00000028
@00004188: $ 1 <= 00000028
@00004190: $ 1 <= 00003184
@000041ac: $ 1 <= 00003584
@000041b0: $ 8 <= ffffca7c
@00004180: $ 1 <= 00000028
@00004188: $ 1 <= 00000028
@00004190: $ 1 <= 00003184
@000041ac: $ 1 <= 00003584
@000041b0: $ 8 <= ffffca7c
@00004180: $ 1 <= 00000028
@00004188: $ 1 <= 00000028
@00004190: $ 1 <= 00003184
@000041ac: $ 1 <= 00003584
@000041b0: $ 8 <= ffffca7c
@00004180: $ 1 <= 00000028
@00004188: $ 1 <= 00000028
@00004190: $ 1 <= 00003184
@000041ac: $ 1 <= 00003584
@000041b0: $ 8 <= ffffca7c
@00004180: $ 1 <= 00000028
@00004188: $ 1 <= 00000028
@00004190: $ 1 <= 00003184
@000041ac: $ 1 <= 00003584
@000041b0: $ 8 <= ffffca7c
@00004180: $ 1 <= 00000028
@00004188: $ 1 <= 00000028
@00004190: $ 1 <= 00003184
@000041ac: $ 1 <= 00003584
@000041b0: $ 8 <= ffffca7c
@00004180: $ 1 <= 00000028
@00004188: $ 1 <= 00000028
@00004190: $ 1 <= 00003184
@000041ac: $ 1 <= 00003584
@000041b0: $ 8 <= ffffca7c
@00004180: $ 1 <= 00000028
@00004188: $ 1 <= 00000028
@00004190: $ 1 <= 00003184
@000041ac: $ 1 <= 00003584
@000041b0: $ 8 <= ffffca7c
@00004180: $ 1 <= 00000028
@00004188: $ 1 <= 00000028
@00004190: $ 1 <= 00003184
@000041ac: $ 1 <= 00003584
@000041b0: $ 8 <= ffffca7c
@00004180: $ 1 <= 00000028
@00004188: $ 1 <= 00000028
@00004190: $ 1 <= 00003184
@000041ac: $ 1 <= 00003584
@000041b0: $ 8 <= ffffca7c
@00004180: $ 1 <= 00000028
@00004188: $ 1 <= 00000028
@00004190: $ 1 <= 00003184
@000041ac: $ 1 <= 00003584
@000041b0: $ 8 <= ffffca7c
@00004180: $ 1 <= 00000028
@00004188: $ 1 <= 00000028
@00004190: $ 1 <= 00003184
@000041ac: $ 1 <= 00003584
@000041b0: $ 8 <= ffffca7c
@00004180: $ 1 <= 00000028
@00004188: $ 1 <= 00000028
@00004190: $ 1 <= 00003184
@000041ac: $ 1 <= 00003584
@000041b0: $ 8 <= ffffca7c
@00004180: $ 1 <= 00000028
@00004188: $ 1 <= 00000028
@00004190: $ 1 <= 00003184
@000041ac: $ 1 <= 00003584
@000041b0: $ 8 <= ffffca7c
@00004180: $ 1 <= 00000028
@00004188: $ 1 <= 00000028
@00004190: $ 1 <= 00003184
@000041ac: $ 1 <= 00003584
@000041b0: $ 8 <= ffffca7c
@00004180: $ 1 <= 00000028
@00004188: $ 1 <= 00000028
@00004190: $ 1 <= 00003184
@000041ac: $ 1 <= 00003584
@000041b0: $ 8 <= ffffca7c
@00004180: $ 1 <= 00000028
@00004188: $ 1 <= 00000028
@00004190: $ 1 <= 00003184
@000041ac: $ 1 <= 00003584
@000041b0: $ 8 <= ffffca7c
@00004180: $ 1 <= 00000028
@00004188: $ 1 <= 00000028
@00004190: $ 1 <= 00003184
@000041ac: $ 1 <= 00003584
@000041b0: $ 8 <= ffffca7c
@00004180: $ 1 <= 00000028
@00004188: $ 1 <= 00000028
@00004190: $ 1 <= 00003184
@000041ac: $ 1 <= 00003584
@000041b0: $ 8 <= ffffca7c
@00004180: $ 1 <= 00000028
@00004188: $ 1 <= 00000028
@00004190: $ 1 <= 00003184
@000041ac: $ 1 <= 00003584
@000041b0: $ 8 <= ffffca7c
@00004180: $ 1 <= 00000028
@00004188: $ 1 <= 00000028
@00004190: $ 1 <= 00003184
@000041ac: $ 1 <= 00003584
@000041b0: $ 8 <= ffffca7c
@00004180: $ 1 <= 00000028
@00004188: $ 1 <= 00000028
@00004190: $ 1 <= 00003184
@000041ac: $ 1 <= 00003584
@000041b0: $ 8 <= ffffca7c
@00004180: $ 1 <= 00000028
@00004188: $ 1 <= 00000028
@00004190: $ 1 <= 00003184
@000041ac: $ 1 <= 00003584
@000041b0: $ 8 <= ffffca7c
@00004180: $ 1 <= 00000028
@00004188: $ 1 <= 00000028
@00004190: $ 1 <= 00003184
@000041ac: $ 1 <= 00003584
@000041b0: $ 8 <= ffffca7c
@00004180: $ 1 <= 00000028
@00004188: $ 1 <= 00000028
@00004190: $ 1 <= 00003184
@000041ac: $ 1 <= 00003584
@000041b0: $ 8 <= ffffca7c
@00004180: $ 1 <= 00000028
@00004188: $ 1 <= 00000028
@00004190: $ 1 <= 00003184
@000041ac: $ 1 <= 00003584
@000041b0: $ 8 <= ffffca7c
@00004180: $ 1 <= 00000028
@00004188: $ 1 <= 00000028
@00004190: $ 1 <= 00003184
@000041ac: $ 1 <= 00003584
@000041b0: $ 8 <= ffffca7c
@00004180: $ 1 <= 00000028
@00004188: $ 1 <= 00000028
@00004190: $ 1 <= 00003184
@000041ac: $ 1 <= 00003584
@000041b0: $ 8 <= ffffca7c
@00004180: $ 1 <= 00000028
@00004188: $ 1 <= 00000028
@00004190: $ 1 <= 00003184
@000041ac: $ 1 <= 00003584
@000041b0: $ 8 <= ffffca7c
@00004180: $ 1 <= 00000028
@00004188: $ 1 <= 00000028
@00004190: $ 1 <= 00003184
@000041ac: $ 1 <= 00003584
@000041b0: $ 8 <= ffffca7c
@00004180: $ 1 <= 00000028
@00004188: $ 1 <= 00000028
@00004190: $ 1 <= 00003184
@000041ac: $ 1 <= 00003584
@000041b0: $ 8 <= ffffca7c
@00004180: $ 1 <= 00000028
@00004188: $ 1 <= 00000028
@00004190: $ 1 <= 00003184
@000041ac: $ 1 <= 00003584
@000041b0: $ 8 <= ffffca7c
@00004180: $ 1 <= 00000028
@00004188: $ 1 <= 00000028
@00004190: $ 1 <= 00003184
@000041ac: $ 1 <= 00003584
@000041b0: $ 8 <= ffffca7c
@00004180: $ 1 <= 00000028
@00004188: $ 1 <= 00000028
@00004190: $ 1 <= 00003184
@000041ac: $ 1 <= 00003584
@000041b0: $ 8 <= ffffca7c
@00004180: $ 1 <= 00000028
@00004188: $ 1 <= 00000028
@00004190: $ 1 <= 00003184
@000041ac: $ 1 <= 00003584
@000041b0: $ 8 <= ffffca7c
@00004180: $ 1 <= 00000028
@00004188: $ 1 <= 00000028
@00004190: $ 1 <= 00003184
@000041ac: $ 1 <= 00003584
@000041b0: $ 8 <= ffffca7c
@00004180: $ 1 <= 00000028
@00004188: $ 1 <= 00000028
@00004190: $ 1 <= 00003184
@000041ac: $ 1 <= 00003584
@000041b0: $ 8 <= ffffca7c
@00004180: $ 1 <= 00000028
@00004188: $ 1 <= 00000028
@00004190: $ 1 <= 00003184
@000041ac: $ 1 <= 00003584
@000041b0: $ 8 <= ffffca7c
@00004180: $ 1 <= 00000028
@00004188: $ 1 <= 00000028
@00004190: $ 1 <= 00003184
@000041ac: $ 1 <= 00003584
@000041b0: $ 8 <= ffffca7c
@00004180: $ 1 <= 00000028
@00004188: $ 1 <= 00000028
@00004190: $ 1 <= 00003184
@000041ac: $ 1 <= 00003584
@000041b0: $ 8 <= ffffca7c
@00004180: $ 1 <= 00000028
@00004188: $ 1 <= 00000028
@00004190: $ 1 <= 00003184
@000041ac: $ 1 <= 00003584
@000041b0: $ 8 <= ffffca7c
@00004180: $ 1 <= 00000028
@00004188: $ 1 <= 00000028
@00004190: $ 1 <= 00003184
@000041ac: $ 1 <= 00003584
@000041b0: $ 8 <= ffffca7c
@00004180: $ 1 <= 00000028
@00004188: $ 1 <= 00000028
@00004190: $ 1 <= 00003184
@000041ac: $ 1 <= 00003584
@000041b0: $ 8 <= ffffca7c
@00004180: $ 1 <= 00000028
@00004188: $ 1 <= 00000028
@00004190: $ 1 <= 00003184
@000041ac: $ 1 <= 00003584
@000041b0: $ 8 <= ffffca7c
@00004180: $ 1 <= 00000028
@00004188: $ 1 <= 00000028
@00004190: $ 1 <= 00003184
@000041ac: $ 1 <= 00003584
@000041b0: $ 8 <= ffffca7c
@00004180: $ 1 <= 00000028
@00004188: $ 1 <= 00000028
@00004190: $ 1 <= 00003184
@000041ac: $ 1 <= 00003584
@000041b0: $ 8 <= ffffca7c
@00004180: $ 1 <= 00000028
@00004188: $ 1 <= 00000028
@00004190: $ 1 <= 00003184
@000041ac: $ 1 <= 00003584
@000041b0: $ 8 <= ffffca7c
@00004180: $ 1 <= 00000028
@00004188: $ 1 <= 00000028
@00004190: $ 1 <= 00003184
@000041ac: $ 1 <= 00003584
@000041b0: $ 8 <= ffffca7c
@00004180: $ 1 <= 00000028
@00004188: $ 1 <= 00000028
@00004190: $ 1 <= 00003184
@000041ac: $ 1 <= 00003584
@000041b0: $ 8 <= ffffca7c
@00004180: $ 1 <= 00000028
@00004188: $ 1 <= 00000028
@00004190: $ 1 <= 00003184
@000041ac: $ 1 <= 00003584
@000041b0: $ 8 <= ffffca7c
@00004180: $ 1 <= 00000028
@00004188: $ 1 <= 00000028
@00004190: $ 1 <= 00003184
@000041ac: $ 1 <= 00003584
@000041b0: $ 8 <= ffffca7c
@00004180: $ 1 <= 00000028
@00004188: $ 1 <= 00000028
@00004190: $ 1 <= 00003184
@000041ac: $ 1 <= 00003584
@000041b0: $ 8 <= ffffca7c
@00004180: $ 1 <= 00000028
@00004188: $ 1 <= 00000028
@00004190: $ 1 <= 00003184
@000041ac: $ 1 <= 00003584
@000041b0: $ 8 <= ffffca7c
@00004180: $ 1 <= 00000028
@00004188: $ 1 <= 00000028
@00004190: $ 1 <= 00003184
@000041ac: $ 1 <= 00003584
@000041b0: $ 8 <= ffffca7c
@00004180: $ 1 <= 00000028
@00004188: $ 1 <= 00000028
@00004190: $ 1 <= 00003184
@000041ac: $ 1 <= 00003584
@000041b0: $ 8 <= ffffca7c
@00004180: $ 1 <= 00000028
@00004188: $ 1 <= 00000028
@00004190: $ 1 <= 00003184
@000041ac: $ 1 <= 00003584
@000041b0: $ 8 <= ffffca7c
@00004180: $ 1 <= 00000028
@00004188: $ 1 <= 00000028
@00004190: $ 1 <= 00003184
@000041ac: $ 1 <= 00003584
@000041b0: $ 8 <= ffffca7c
@00004180: $ 1 <= 00000028
@00004188: $ 1 <= 00000028
@00004190: $ 1 <= 00003184
@000041ac: $ 1 <= 00003584
@000041b0: $ 8 <= ffffca7c
@00004180: $ 1 <= 00000028
@00004188: $ 1 <= 00000028
@00004190: $ 1 <= 00003184
@000041ac: $ 1 <= 00003584
@000041b0: $ 8 <= ffffca7c
@00004180: $ 1 <= 00000028
@00004188: $ 1 <= 00000028
@00004190: $ 1 <= 00003184
@000041ac: $ 1 <= 00003584
@000041b0: $ 8 <= ffffca7c
@00004180: $ 1 <= 00000028
@00004188: $ 1 <= 00000028
@00004190: $ 1 <= 00003184
@000041ac: $ 1 <= 00003584
@000041b0: $ 8 <= ffffca7c
@00004180: $ 1 <= 00000028
@00004188: $ 1 <= 00000028
@00004190: $ 1 <= 00003184
@000041ac: $ 1 <= 00003584
@000041b0: $ 8 <= ffffca7c
@00004180: $ 1 <= 00000028
@00004188: $ 1 <= 00000028
@00004190: $ 1 <= 00003184
@000041ac: $ 1 <= 00003584
@000041b0: $ 8 <= ffffca7c
@00004180: $ 1 <= 00000028
@00004188: $ 1 <= 00000028
@00004190: $ 1 <= 00003184
@000041ac: $ 1 <= 00003584
@000041b0: $ 8 <= ffffca7c
@00004180: $ 1 <= 00000028
@00004188: $ 1 <= 00000028
@00004190: $ 1 <= 00003184
@000041ac: $ 1 <= 00003584
@000041b0: $ 8 <= ffffca7c
@00004180: $ 1 <= 00000028
@00004188: $ 1 <= 00000028
@00004190: $ 1 <= 00003184
@000041ac: $ 1 <= 00003584
@000041b0: $ 8 <= ffffca7c
@00004180: $ 1 <= 00000028
@00004188: $ 1 <= 00000028
@00004190: $ 1 <= 00003184
@000041ac: $ 1 <= 00003584
@000041b0: $ 8 <= ffffca7c
@00004180: $ 1 <= 00000028
@00004188: $ 1 <= 00000028
@00004190: $ 1 <= 00003184
@000041ac: $ 1 <= 00003584
@000041b0: $ 8 <= ffffca7c
@00004180: $ 1 <= 00000028
@00004188: $ 1 <= 00000028
@00004190: $ 1 <= 00003184
@000041ac: $ 1 <= 00003584
@000041b0: $ 8 <= ffffca7c
@00004180: $ 1 <= 00000028
@00004188: $ 1 <= 00000028
@00004190: $ 1 <= 00003184
@000041ac: $ 1 <= 00003584
@000041b0: $ 8 <= ffffca7c
@00004180: $ 1 <= 00000028
@00004188: $ 1 <= 00000028
@00004190: $ 1 <= 00003184
@000041ac: $ 1 <= 00003584
@000041b0: $ 8 <= ffffca7c
@00004180: $ 1 <= 00000028
@00004188: $ 1 <= 00000028
@00004190: $ 1 <= 00003184
@000041ac: $ 1 <= 00003584
@000041b0: $ 8 <= ffffca7c
@00004180: $ 1 <= 00000028
@00004188: $ 1 <= 00000028
@00004190: $ 1 <= 00003184
@000041ac: $ 1 <= 00003584
@000041b0: $ 8 <= ffffca7c
@00004180: $ 1 <= 00000028
@00004188: $ 1 <= 00000028
@00004190: $ 1 <= 00003184
@000041ac: $ 1 <= 00003584
@000041b0: $ 8 <= ffffca7c
@00004180: $ 1 <= 00000028
@00004188: $ 1 <= 00000028
@00004190: $ 1 <= 00003184
@000041ac: $ 1 <= 00003584
@000041b0: $ 8 <= ffffca7c
@00004180: $ 1 <= 00000028
@00004188: $ 1 <= 00000028
@00004190: $ 1 <= 00003184
@000041ac: $ 1 <= 00003584
@000041b0: $ 8 <= ffffca7c
@00004180: $ 1 <= 00000028
@00004188: $ 1 <= 00000028
@00004190: $ 1 <= 00003184
@000041ac: $ 1 <= 00003584
@000041b0: $ 8 <= ffffca7c
@00004180: $ 1 <= 00000028
@00004188: $ 1 <= 00000028
@00004190: $ 1 <= 00003184
@000041ac: $ 1 <= 00003584
@000041b0: $ 8 <= ffffca7c
@00004180: $ 1 <= 00000028
@00004188: $ 1 <= 00000028
@00004190: $ 1 <= 00003184
@000041ac: $ 1 <= 00003584
@000041b0: $ 8 <= ffffca7c
@00004180: $ 1 <= 00000028
@00004188: $ 1 <= 00000028
@00004190: $ 1 <= 00003184
@000041ac: $ 1 <= 00003584
@000041b0: $ 8 <= ffffca7c
@00004180: $ 1 <= 00000028
@00004188: $ 1 <= 00000028
@00004190: $ 1 <= 00003184
@000041ac: $ 1 <= 00003584
@000041b0: $ 8 <= ffffca7c
@00004180: $ 1 <= 00000028
@00004188: $ 1 <= 00000028
@00004190: $ 1 <= 00003184
@000041ac: $ 1 <= 00003584
@000041b0: $ 8 <= ffffca7c
@00004180: $ 1 <= 00000028
@00004188: $ 1 <= 00000028
@00004190: $ 1 <= 00003184
@000041ac: $ 1 <= 00003584
@000041b0: $ 8 <= ffffca7c
@00004180: $ 1 <= 00000028
@00004188: $ 1 <= 00000028
@00004190: $ 1 <= 00003184
@000041ac: $ 1 <= 00003584
@000041b0: $ 8 <= ffffca7c
@00004180: $ 1 <= 00000028
@00004188: $ 1 <= 00000028
@00004190: $ 1 <= 00003184
@000041ac: $ 1 <= 00003584
@000041b0: $ 8 <= ffffca7c
@00004180: $ 1 <= 00000028
@00004188: $ 1 <= 00000028
@00004190: $ 1 <= 00003184
@000041ac: $ 1 <= 00003584
@000041b0: $ 8 <= ffffca7c
@00004180: $ 1 <= 00000028
@00004188: $ 1 <= 00000028
@00004190: $ 1 <= 00003184
@000041ac: $ 1 <= 00003584
@000041b0: $ 8 <= ffffca7c
@00004180: $ 1 <= 00000028
@00004188: $ 1 <= 00000028
@00004190: $ 1 <= 00003184
@000041ac: $ 1 <= 00003584
@000041b0: $ 8 <= ffffca7c
@00004180: $ 1 <= 00000028
@00004188: $ 1 <= 00000028
@00004190: $ 1 <= 00003184
@000041ac: $ 1 <= 00003584
@000041b0: $ 8 <= ffffca7c
@00004180: $ 1 <= 00000028
@00004188: $ 1 <= 00000028
@00004190: $ 1 <= 00003184
@000041ac: $ 1 <= 00003584
@000041b0: $ 8 <= ffffca7c
@00004180: $ 1 <= 00000028
@00004188: $ 1 <= 00000028
@00004190: $ 1 <= 00003184
@000041ac: $ 1 <= 00003584
@000041b0: $ 8 <= ffffca7c
@00004180: $ 1 <= 00000028
@00004188: $ 1 <= 00000028
@00004190: $ 1 <= 00003184
@000041ac: $ 1 <= 00003584
@000041b0: $ 8 <= ffffca7c
@00004180: $ 1 <= 00000028
@00004188: $ 1 <= 00000028
@00004190: $ 1 <= 00003184
@000041ac: $ 1 <= 00003584
@000041b0: $ 8 <= ffffca7c
@00004180: $ 1 <= 00000028
@00004188: $ 1 <= 00000028
@00004190: $ 1 <= 00003184
@000041ac: $ 1 <= 00003584
@000041b0: $ 8 <= ffffca7c
@00004180: $ 1 <= 00000028
@00004188: $ 1 <= 00000028
@00004190: $ 1 <= 00003184
@000041ac: $ 1 <= 00003584
@000041b0: $ 8 <= ffffca7c
@00004180: $ 1 <= 00000028
@00004188: $ 1 <= 00000028
@00004190: $ 1 <= 00003184
@000041ac: $ 1 <= 00003584
@000041b0: $ 8 <= ffffca7c
@00004180: $ 1 <= 00000028
@00004188: $ 1 <= 00000028
@00004190: $ 1 <= 00003184
@000041ac: $ 1 <= 00003584
@000041b0: $ 8 <= ffffca7c
@00004180: $ 1 <= 00000028
@00004188: $ 1 <= 00000028
@00004190: $ 1 <= 00003184
@000041ac: $ 1 <= 00003584
@000041b0: $ 8 <= ffffca7c
@00004180: $ 1 <= 00000028
@00004188: $ 1 <= 00000028
@00004190: $ 1 <= 00003184
@000041ac: $ 1 <= 00003584
@000041b0: $ 8 <= ffffca7c
@00004180: $ 1 <= 00000028
@00004188: $ 1 <= 00000028
@00004190: $ 1 <= 00003184
@000041ac: $ 1 <= 00003584
@000041b0: $ 8 <= ffffca7c
@00004180: $ 1 <= 00000028
@00004188: $ 1 <= 00000028
@00004190: $ 1 <= 00003184
@000041ac: $ 1 <= 00003584
@000041b0: $ 8 <= ffffca7c
@00004180: $ 1 <= 00000028
@00004188: $ 1 <= 00000028
@00004190: $ 1 <= 00003184
@000041ac: $ 1 <= 00003584
@000041b0: $ 8 <= ffffca7c
@00004180: $ 1 <= 00000028
@00004188: $ 1 <= 00000028
@00004190: $ 1 <= 00003184
@000041ac: $ 1 <= 00003584
@000041b0: $ 8 <= ffffca7c
@00004180: $ 1 <= 00000028
@00004188: $ 1 <= 00000028
@00004190: $ 1 <= 00003184
@000041ac: $ 1 <= 00003584
@000041b0: $ 8 <= ffffca7c
@00004180: $ 1 <= 00000028
@00004188: $ 1 <= 00000028
@00004190: $ 1 <= 00003184
@000041ac: $ 1 <= 00003584
@000041b0: $ 8 <= ffffca7c
@00004180: $ 1 <= 00000028
@00004188: $ 1 <= 00000028
@00004190: $ 1 <= 00003184
@000041ac: $ 1 <= 00003584
@000041b0: $ 8 <= ffffca7c
@00004180: $ 1 <= 00000028
@00004188: $ 1 <= 00000028
@00004190: $ 1 <= 00003184
@000041ac: $ 1 <= 00003584
@000041b0: $ 8 <= ffffca7c
@00004180: $ 1 <= 00000028
@00004188: $ 1 <= 00000028
@00004190: $ 1 <= 00003184
@000041ac: $ 1 <= 00003584
@000041b0: $ 8 <= ffffca7c
@00004180: $ 1 <= 00000028
@00004188: $ 1 <= 00000028
@00004190: $ 1 <= 00003184
@000041ac: $ 1 <= 00003584
@000041b0: $ 8 <= ffffca7c
@00004180: $ 1 <= 00000028
@00004188: $ 1 <= 00000028
@00004190: $ 1 <= 00003184
@000041ac: $ 1 <= 00003584
@000041b0: $ 8 <= ffffca7c
@00004180: $ 1 <= 00000028
@00004188: $ 1 <= 00000028
@00004190: $ 1 <= 00003184
@000041ac: $ 1 <= 00003584
@000041b0: $ 8 <= ffffca7c
@00004180: $ 1 <= 00000028
@00004188: $ 1 <= 00000028
@00004190: $ 1 <= 00003184
@000041ac: $ 1 <= 00003584
@000041b0: $ 8 <= ffffca7c
@00004180: $ 1 <= 00000028
@00004188: $ 1 <= 00000028
@00004190: $ 1 <= 00003184
@000041ac: $ 1 <= 00003584
@000041b0: $ 8 <= ffffca7c
@00004180: $ 1 <= 00000028
@00004188: $ 1 <= 00000028
@00004190: $ 1 <= 00003184
@000041ac: $ 1 <= 00003584
@000041b0: $ 8 <= ffffca7c
@00004180: $ 1 <= 00000028
@00004188: $ 1 <= 00000028
@00004190: $ 1 <= 00003184
@000041ac: $ 1 <= 00003584
@000041b0: $ 8 <= ffffca7c
@00004180: $ 1 <= 00000028
@00004188: $ 1 <= 00000028
@00004190: $ 1 <= 00003184
@000041ac: $ 1 <= 00003584
@000041b0: $ 8 <= ffffca7c
@00004180: $ 1 <= 00000028
@00004188: $ 1 <= 00000028
@00004190: $ 1 <= 00003184
@000041ac: $ 1 <= 00003584
@000041b0: $ 8 <= ffffca7c
@00004180: $ 1 <= 00000028
@00004188: $ 1 <= 00000028
@00004190: $ 1 <= 00003184
@000041ac: $ 1 <= 00003584
@000041b0: $ 8 <= ffffca7c
@00004180: $ 1 <= 00000028
@00004188: $ 1 <= 00000028
@00004190: $ 1 <= 00003184
@000041ac: $ 1 <= 00003584
@000041b0: $ 8 <= ffffca7c
@00004180: $ 1 <= 00000028
@00004188: $ 1 <= 00000028
@00004190: $ 1 <= 00003184
@000041ac: $ 1 <= 00003584
@000041b0: $ 8 <= ffffca7c
@00004180: $ 1 <= 00000028
@00004188: $ 1 <= 00000028
@00004190: $ 1 <= 00003184
@000041ac: $ 1 <= 00003584
@000041b0: $ 8 <= ffffca7c
@00004180: $ 1 <= 00000028
@00004188: $ 1 <= 00000028
@00004190: $ 1 <= 00003184
@000041ac: $ 1 <= 00003584
@000041b0: $ 8 <= ffffca7c
@00004180: $ 1 <= 00000028
@00004188: $ 1 <= 00000028
@00004190: $ 1 <= 00003184
@000041ac: $ 1 <= 00003584
@000041b0: $ 8 <= ffffca7c
@00004180: $ 1 <= 00000028
@00004188: $ 1 <= 00000028
@00004190: $ 1 <= 00003184
@000041ac: $ 1 <= 00003584
@000041b0: $ 8 <= ffffca7c
@00004180: $ 1 <= 00000028
@00004188: $ 1 <= 00000028
@00004190: $ 1 <= 00003184
@000041ac: $ 1 <= 00003584
@000041b0: $ 8 <= ffffca7c
@00004180: $ 1 <= 00000028
@00004188: $ 1 <= 00000028
@00004190: $ 1 <= 00003184
@000041ac: $ 1 <= 00003584
@000041b0: $ 8 <= ffffca7c
@00004180: $ 1 <= 00000028
@00004188: $ 1 <= 00000028
@00004190: $ 1 <= 00003184
@000041ac: $ 1 <= 00003584
@000041b0: $ 8 <= ffffca7c
@00004180: $ 1 <= 00000028
@00004188: $ 1 <= 00000028
@00004190: $ 1 <= 00003184
@000041ac: $ 1 <= 00003584
@000041b0: $ 8 <= ffffca7c
@00004180: $ 1 <= 00000028
@00004188: $ 1 <= 00000028
@00004190: $ 1 <= 00003184
@000041ac: $ 1 <= 00003584
@000041b0: $ 8 <= ffffca7c
@00004180: $ 1 <= 00000028
@00004188: $ 1 <= 00000028
@00004190: $ 1 <= 00003184
@000041ac: $ 1 <= 00003584
@000041b0: $ 8 <= ffffca7c
@00004180: $ 1 <= 00000028
@00004188: $ 1 <= 00000028
@00004190: $ 1 <= 00003184
@000041ac: $ 1 <= 00003584
@000041b0: $ 8 <= ffffca7c
@00004180: $ 1 <= 00000028
@00004188: $ 1 <= 00000028
@00004190: $ 1 <= 00003184
@000041ac: $ 1 <= 00003584
@000041b0: $ 8 <= ffffca7c
@00004180: $ 1 <= 00000028
@00004188: $ 1 <= 00000028
@00004190: $ 1 <= 00003184
@000041ac: $ 1 <= 00003584
@000041b0: $ 8 <= ffffca7c
@00004180: $ 1 <= 00000028
@00004188: $ 1 <= 00000028
@00004190: $ 1 <= 00003184
@000041ac: $ 1 <= 00003584
@000041b0: $ 8 <= ffffca7c
@00004180: $ 1 <= 00000028
@00004188: $ 1 <= 00000028
@00004190: $ 1 <= 00003184
@000041ac: $ 1 <= 00003584
@000041b0: $ 8 <= ffffca7c
@00004180: $ 1 <= 00000028
@00004188: $ 1 <= 00000028
@00004190: $ 1 <= 00003184
@000041ac: $ 1 <= 00003584
@000041b0: $ 8 <= ffffca7c
@00004180: $ 1 <= 00000028
@00004188: $ 1 <= 00000028
@00004190: $ 1 <= 00003184
@000041ac: $ 1 <= 00003584
@000041b0: $ 8 <= ffffca7c
@00004180: $ 1 <= 00000028
@00004188: $ 1 <= 00000028
@00004190: $ 1 <= 00003184
@000041ac: $ 1 <= 00003584
@000041b0: $ 8 <= ffffca7c
@00004180: $ 1 <= 00000028
@00004188: $ 1 <= 00000028
@00004190: $ 1 <= 00003184
@000041ac: $ 1 <= 00003584
@000041b0: $ 8 <= ffffca7c
@00004180: $ 1 <= 00000028
@00004188: $ 1 <= 00000028
@00004190: $ 1 <= 00003184
@000041ac: $ 1 <= 00003584
@000041b0: $ 8 <= ffffca7c
@00004180: $ 1 <= 00000028
@00004188: $ 1 <= 00000028
@00004190: $ 1 <= 00003184
@000041ac: $ 1 <= 00003584
@000041b0: $ 8 <= ffffca7c
@00004180: $ 1 <= 00000028
@00004188: $ 1 <= 00000028
@00004190: $ 1 <= 00003184
@000041ac: $ 1 <= 00003584
@000041b0: $ 8 <= ffffca7c
@00004180: $ 1 <= 00000028
@00004188: $ 1 <= 00000028
@00004190: $ 1 <= 00003184
@000041ac: $ 1 <= 00003584
@000041b0: $ 8 <= ffffca7c
@00004180: $ 1 <= 00000028
@00004188: $ 1 <= 00000028
@00004190: $ 1 <= 00003184
@000041ac: $ 1 <= 00003584
@000041b0: $ 8 <= ffffca7c
@00004180: $ 1 <= 00000028
@00004188: $ 1 <= 00000028
@00004190: $ 1 <= 00003184
@000041ac: $ 1 <= 00003584
@000041b0: $ 8 <= ffffca7c
@00004180: $ 1 <= 00000028
@00004188: $ 1 <= 00000028
@00004190: $ 1 <= 00003184
@000041ac: $ 1 <= 00003584
@000041b0: $ 8 <= ffffca7c
@00004180: $ 1 <= 00000028
@00004188: $ 1 <= 00000028
@00004190: $ 1 <= 00003184
@000041ac: $ 1 <= 00003584
@000041b0: $ 8 <= ffffca7c
@00004180: $ 1 <= 00000028
@00004188: $ 1 <= 00000028
@00004190: $ 1 <= 00003184
@000041ac: $ 1 <= 00003584
@000041b0: $ 8 <= ffffca7c
@00004180: $ 1 <= 00000028
@00004188: $ 1 <= 00000028
@00004190: $ 1 <= 00003184
@000041ac: $ 1 <= 00003584
@000041b0: $ 8 <= ffffca7c
@00004180: $ 1 <= 00000028
@00004188: $ 1 <= 00000028
@00004190: $ 1 <= 00003184
@000041ac: $ 1 <= 00003584
@000041b0: $ 8 <= ffffca7c
@00004180: $ 1 <= 00000028
@00004188: $ 1 <= 00000028
@00004190: $ 1 <= 00003184
@000041ac: $ 1 <= 00003584
@000041b0: $ 8 <= ffffca7c
@00004180: $ 1 <= 00000028
@00004188: $ 1 <= 00000028
@00004190: $ 1 <= 00003184
@000041ac: $ 1 <= 00003584
@000041b0: $ 8 <= ffffca7c
@00004180: $ 1 <= 00000028
@00004188: $ 1 <= 00000028
@00004190: $ 1 <= 00003184
@000041ac: $ 1 <= 00003584
@000041b0: $ 8 <= ffffca7c
@00004180: $ 1 <= 00000028
@00004188: $ 1 <= 00000028
@00004190: $ 1 <= 00003184
@000041ac: $ 1 <= 00003584
@000041b0: $ 8 <= ffffca7c
@00004180: $ 1 <= 00000028
@00004188: $ 1 <= 00000028
@00004190: $ 1 <= 00003184
@000041ac: $ 1 <= 00003584
@000041b0: $ 8 <= ffffca7c
@00004180: $ 1 <= 00000028
@00004188: $ 1 <= 00000028
@00004190: $ 1 <= 00003184
@000041ac: $ 1 <= 00003584
@000041b0: $ 8 <= ffffca7c
@00004180: $ 1 <= 00000028
@00004188: $ 1 <= 00000028
@00004190: $ 1 <= 00003184
@000041ac: $ 1 <= 00003584
@000041b0: $ 8 <= ffffca7c
@00004180: $ 1 <= 00000028
@00004188: $ 1 <= 00000028
@00004190: $ 1 <= 00003184
@000041ac: $ 1 <= 00003584
@000041b0: $ 8 <= ffffca7c
@00004180: $ 1 <= 00000028
@00004188: $ 1 <= 00000028
@00004190: $ 1 <= 00003184
@000041ac: $ 1 <= 00003584
@000041b0: $ 8 <= ffffca7c
@00004180: $ 1 <= 00000028
@00004188: $ 1 <= 00000028
@00004190: $ 1 <= 00003184
@000041ac: $ 1 <= 00003584
@000041b0: $ 8 <= ffffca7c
@00004180: $ 1 <= 00000028
@00004188: $ 1 <= 00000028
@00004190: $ 1 <= 00003184
@000041ac: $ 1 <= 00003584
@000041b0: $ 8 <= ffffca7c
@00004180: $ 1 <= 00000028
@00004188: $ 1 <= 00000028
@00004190: $ 1 <= 00003184
@000041ac: $ 1 <= 00003584
@000041b0: $ 8 <= ffffca7c
@00004180: $ 1 <= 00000028
@00004188: $ 1 <= 00000028
@00004190: $ 1 <= 00003184
@000041ac: $ 1 <= 00003584
@000041b0: $ 8 <= ffffca7c
@00004180: $ 1 <= 00000028
@00004188: $ 1 <= 00000028
@00004190: $ 1 <= 00003184
@000041ac: $ 1 <= 00003584
@000041b0: $ 8 <= ffffca7c
@00004180: $ 1 <= 00000028
@00004188: $ 1 <= 00000028
@00004190: $ 1 <= 00003184
@000041ac: $ 1 <= 00003584
@000041b0: $ 8 <= ffffca7c
@00004180: $ 1 <= 00000028
@00004188: $ 1 <= 00000028
@00004190: $ 1 <= 00003184
@000041ac: $ 1 <= 00003584
@000041b0: $ 8 <= ffffca7c
@00004180: $ 1 <= 00000028
@00004188: $ 1 <= 00000028
@00004190: $ 1 <= 00003184
@000041ac: $ 1 <= 00003584
@000041b0: $ 8 <= ffffca7c
@00004180: $ 1 <= 00000028
@00004188: $ 1 <= 00000028
@00004190: $ 1 <= 00003184
@000041ac: $ 1 <= 00003584
@000041b0: $ 8 <= ffffca7c
@00004180: $ 1 <= 00000028
@00004188: $ 1 <= 00000028
@00004190: $ 1 <= 00003184
@000041ac: $ 1 <= 00003584
@000041b0: $ 8 <= ffffca7c
@00004180: $ 1 <= 00000028
@00004188: $ 1 <= 00000028
@00004190: $ 1 <= 00003184
@000041ac: $ 1 <= 00003584
@000041b0: $ 8 <= ffffca7c
@00004180: $ 1 <= 00000028
@00004188: $ 1 <= 00000028
@00004190: $ 1 <= 00003184
@000041ac: $ 1 <= 00003584
@000041b0: $ 8 <= ffffca7c
@00004180: $ 1 <= 00000028
@00004188: $ 1 <= 00000028
@00004190: $ 1 <= 00003184
@000041ac: $ 1 <= 00003584
@000041b0: $ 8 <= ffffca7c
@00004180: $ 1 <= 00000028
@00004188: $ 1 <= 00000028
@00004190: $ 1 <= 00003184
@000041ac: $ 1 <= 00003584
@000041b0: $ 8 <= ffffca7c
@00004180: $ 1 <= 00000028
@00004188: $ 1 <= 00000028
@00004190: $ 1 <= 00003184
@000041ac: $ 1 <= 00003584
@000041b0: $ 8 <= ffffca7c
@00004180: $ 1 <= 00000028
@00004188: $ 1 <= 00000028
@00004190: $ 1 <= 00003184
@000041ac: $ 1 <= 00003584
@000041b0: $ 8 <= ffffca7c
@00004180: $ 1 <= 00000028
@00004188: $ 1 <= 00000028
@00004190: $ 1 <= 00003184
@000041ac: $ 1 <= 00003584
@000041b0: $ 8 <= ffffca7c
@00004180: $ 1 <= 00000028
@00004188: $ 1 <= 00000028
@00004190: $ 1 <= 00003184
@000041ac: $ 1 <= 00003584
@000041b0: $ 8 <= ffffca7c
# run 1.00us
@00004180: $ 1 <= 00000028
@00004188: $ 1 <= 00000028
@00004190: $ 1 <= 00003184
@000041ac: $ 1 <= 00003584
@000041b0: $ 8 <= ffffca7c
@00004180: $ 1 <= 00000028
@00004188: $ 1 <= 00000028
@00004190: $ 1 <= 00003184
@000041ac: $ 1 <= 00003584
@000041b0: $ 8 <= ffffca7c
@00004180: $ 1 <= 00000028
@00004188: $ 1 <= 00000028
@00004190: $ 1 <= 00003184
@000041ac: $ 1 <= 00003584
@000041b0: $ 8 <= ffffca7c
@00004180: $ 1 <= 00000028
@00004188: $ 1 <= 00000028
@00004190: $ 1 <= 00003184
@000041ac: $ 1 <= 00003584
@000041b0: $ 8 <= ffffca7c
@00004180: $ 1 <= 00000028
@00004188: $ 1 <= 00000028
@00004190: $ 1 <= 00003184
@000041ac: $ 1 <= 00003584
@000041b0: $ 8 <= ffffca7c
@00004180: $ 1 <= 00000028
@00004188: $ 1 <= 00000028
@00004190: $ 1 <= 00003184
@000041ac: $ 1 <= 00003584
@000041b0: $ 8 <= ffffca7c
@00004180: $ 1 <= 00000028
@00004188: $ 1 <= 00000028
@00004190: $ 1 <= 00003184
@000041ac: $ 1 <= 00003584
@000041b0: $ 8 <= ffffca7c
@00004180: $ 1 <= 00000028
@00004188: $ 1 <= 00000028
@00004190: $ 1 <= 00003184
@000041ac: $ 1 <= 00003584
@000041b0: $ 8 <= ffffca7c
@00004180: $ 1 <= 00000028
@00004188: $ 1 <= 00000028
@00004190: $ 1 <= 00003184
@000041ac: $ 1 <= 00003584
@000041b0: $ 8 <= ffffca7c
@00004180: $ 1 <= 00000028
@00004188: $ 1 <= 00000028
@00004190: $ 1 <= 00003184
@000041ac: $ 1 <= 00003584
@000041b0: $ 8 <= ffffca7c
@00004180: $ 1 <= 00000028
@00004188: $ 1 <= 00000028
@00004190: $ 1 <= 00003184
@000041ac: $ 1 <= 00003584
@000041b0: $ 8 <= ffffca7c
@00004180: $ 1 <= 00000028
@00004188: $ 1 <= 00000028
@00004190: $ 1 <= 00003184
@000041ac: $ 1 <= 00003584
@000041b0: $ 8 <= ffffca7c
@00004180: $ 1 <= 00000028
@00004188: $ 1 <= 00000028
@00004190: $ 1 <= 00003184
@000041ac: $ 1 <= 00003584
@000041b0: $ 8 <= ffffca7c
@00004180: $ 1 <= 00000028
@00004188: $ 1 <= 00000028
@00004190: $ 1 <= 00003184
@000041ac: $ 1 <= 00003584
@000041b0: $ 8 <= ffffca7c
@00004180: $ 1 <= 00000028
@00004188: $ 1 <= 00000028
@00004190: $ 1 <= 00003184
@000041ac: $ 1 <= 00003584
@000041b0: $ 8 <= ffffca7c
@00004180: $ 1 <= 00000028
@00004188: $ 1 <= 00000028
@00004190: $ 1 <= 00003184
@000041ac: $ 1 <= 00003584
@000041b0: $ 8 <= ffffca7c
@00004180: $ 1 <= 00000028
@00004188: $ 1 <= 00000028
@00004190: $ 1 <= 00003184
# run 1.00us
@000041ac: $ 1 <= 00003584
@000041b0: $ 8 <= ffffca7c
@00004180: $ 1 <= 00000028
@00004188: $ 1 <= 00000028
@00004190: $ 1 <= 00003184
@000041ac: $ 1 <= 00003584
@000041b0: $ 8 <= ffffca7c
@00004180: $ 1 <= 00000028
@00004188: $ 1 <= 00000028
@00004190: $ 1 <= 00003184
@000041ac: $ 1 <= 00003584
@000041b0: $ 8 <= ffffca7c
@00004180: $ 1 <= 00000028
@00004188: $ 1 <= 00000028
@00004190: $ 1 <= 00003184
@000041ac: $ 1 <= 00003584
@000041b0: $ 8 <= ffffca7c
@00004180: $ 1 <= 00000028
@00004188: $ 1 <= 00000028
@00004190: $ 1 <= 00003184
@000041ac: $ 1 <= 00003584
@000041b0: $ 8 <= ffffca7c
@00004180: $ 1 <= 00000028
@00004188: $ 1 <= 00000028
@00004190: $ 1 <= 00003184
@000041ac: $ 1 <= 00003584
@000041b0: $ 8 <= ffffca7c
@00004180: $ 1 <= 00000028
@00004188: $ 1 <= 00000028
@00004190: $ 1 <= 00003184
@000041ac: $ 1 <= 00003584
@000041b0: $ 8 <= ffffca7c
@00004180: $ 1 <= 00000028
@00004188: $ 1 <= 00000028
@00004190: $ 1 <= 00003184
@000041ac: $ 1 <= 00003584
@000041b0: $ 8 <= ffffca7c
@00004180: $ 1 <= 00000028
@00004188: $ 1 <= 00000028
@00004190: $ 1 <= 00003184
@000041ac: $ 1 <= 00003584
@000041b0: $ 8 <= ffffca7c
@00004180: $ 1 <= 00000028
@00004188: $ 1 <= 00000028
@00004190: $ 1 <= 00003184
@000041ac: $ 1 <= 00003584
@000041b0: $ 8 <= ffffca7c
@00004180: $ 1 <= 00000028
@00004188: $ 1 <= 00000028
@00004190: $ 1 <= 00003184
@000041ac: $ 1 <= 00003584
@000041b0: $ 8 <= ffffca7c
@00004180: $ 1 <= 00000028
@00004188: $ 1 <= 00000028
@00004190: $ 1 <= 00003184
@000041ac: $ 1 <= 00003584
@000041b0: $ 8 <= ffffca7c
@00004180: $ 1 <= 00000028
@00004188: $ 1 <= 00000028
@00004190: $ 1 <= 00003184
@000041ac: $ 1 <= 00003584
@000041b0: $ 8 <= ffffca7c
@00004180: $ 1 <= 00000028
@00004188: $ 1 <= 00000028
@00004190: $ 1 <= 00003184
@000041ac: $ 1 <= 00003584
@000041b0: $ 8 <= ffffca7c
@00004180: $ 1 <= 00000028
@00004188: $ 1 <= 00000028
@00004190: $ 1 <= 00003184
@000041ac: $ 1 <= 00003584
@000041b0: $ 8 <= ffffca7c
@00004180: $ 1 <= 00000028
@00004188: $ 1 <= 00000028
@00004190: $ 1 <= 00003184
@000041ac: $ 1 <= 00003584
@000041b0: $ 8 <= ffffca7c
@00004180: $ 1 <= 00000028
@00004188: $ 1 <= 00000028
@00004190: $ 1 <= 00003184
@000041ac: $ 1 <= 00003584
@000041b0: $ 8 <= ffffca7c
@00004180: $ 1 <= 00000028
# run 1.00us
@00004188: $ 1 <= 00000028
@00004190: $ 1 <= 00003184
@000041ac: $ 1 <= 00003584
@000041b0: $ 8 <= ffffca7c
@00004180: $ 1 <= 00000028
@00004188: $ 1 <= 00000028
@00004190: $ 1 <= 00003184
@000041ac: $ 1 <= 00003584
@000041b0: $ 8 <= ffffca7c
@00004180: $ 1 <= 00000028
@00004188: $ 1 <= 00000028
@00004190: $ 1 <= 00003184
@000041ac: $ 1 <= 00003584
@000041b0: $ 8 <= ffffca7c
@00004180: $ 1 <= 00000028
@00004188: $ 1 <= 00000028
@00004190: $ 1 <= 00003184
@000041ac: $ 1 <= 00003584
@000041b0: $ 8 <= ffffca7c
@00004180: $ 1 <= 00000028
@00004188: $ 1 <= 00000028
@00004190: $ 1 <= 00003184
@000041ac: $ 1 <= 00003584
@000041b0: $ 8 <= ffffca7c
@00004180: $ 1 <= 00000028
@00004188: $ 1 <= 00000028
@00004190: $ 1 <= 00003184
@000041ac: $ 1 <= 00003584
@000041b0: $ 8 <= ffffca7c
@00004180: $ 1 <= 00000028
@00004188: $ 1 <= 00000028
@00004190: $ 1 <= 00003184
@000041ac: $ 1 <= 00003584
@000041b0: $ 8 <= ffffca7c
@00004180: $ 1 <= 00000028
@00004188: $ 1 <= 00000028
@00004190: $ 1 <= 00003184
@000041ac: $ 1 <= 00003584
@000041b0: $ 8 <= ffffca7c
@00004180: $ 1 <= 00000028
@00004188: $ 1 <= 00000028
@00004190: $ 1 <= 00003184
@000041ac: $ 1 <= 00003584
@000041b0: $ 8 <= ffffca7c
@00004180: $ 1 <= 00000028
@00004188: $ 1 <= 00000028
@00004190: $ 1 <= 00003184
@000041ac: $ 1 <= 00003584
@000041b0: $ 8 <= ffffca7c
@00004180: $ 1 <= 00000028
@00004188: $ 1 <= 00000028
@00004190: $ 1 <= 00003184
@000041ac: $ 1 <= 00003584
@000041b0: $ 8 <= ffffca7c
@00004180: $ 1 <= 00000028
@00004188: $ 1 <= 00000028
@00004190: $ 1 <= 00003184
@000041ac: $ 1 <= 00003584
@000041b0: $ 8 <= ffffca7c
@00004180: $ 1 <= 00000028
@00004188: $ 1 <= 00000028
@00004190: $ 1 <= 00003184
@000041ac: $ 1 <= 00003584
@000041b0: $ 8 <= ffffca7c
@00004180: $ 1 <= 00000028
@00004188: $ 1 <= 00000028
@00004190: $ 1 <= 00003184
@000041ac: $ 1 <= 00003584
@000041b0: $ 8 <= ffffca7c
@00004180: $ 1 <= 00000028
@00004188: $ 1 <= 00000028
@00004190: $ 1 <= 00003184
@000041ac: $ 1 <= 00003584
@000041b0: $ 8 <= ffffca7c
@00004180: $ 1 <= 00000028
@00004188: $ 1 <= 00000028
@00004190: $ 1 <= 00003184
@000041ac: $ 1 <= 00003584
@000041b0: $ 8 <= ffffca7c
@00004180: $ 1 <= 00000028
@00004188: $ 1 <= 00000028
@00004190: $ 1 <= 00003184
@000041ac: $ 1 <= 00003584
@000041b0: $ 8 <= ffffca7c
