ISim log file
Running: D:\University\Study\2022fall\co\P_5\q3\tb_isim_beh.exe -intstyle ise -gui -tclbatch isim.cmd -wdb D:/University/Study/2022fall/co/P_5/q3/tb_isim_beh.wdb 
ISim P.20131013 (signature 0x7708f090)
----------------------------------------------------------------------
INFO:Security:50 - The XILINXD_LICENSE_FILE environment variable is set to 'D:\Users\liuyi\Downloads\Xilinx_ise.lic'.
INFO:Security:53 - The LM_LICENSE_FILE environment variable is not set.
WARNING:Security:43 - No license file was found in the standard Xilinx license directory.
WARNING:Security:44 - Since no license file was found,
       please run the Xilinx License Configuration Manager
       (xlcm or "Manage Xilinx Licenses")
       to assist in obtaining a license.
WARNING:Security:42 - Your software subscription period has lapsed. Your current version of Xilinx tools will continue to function, but you no longer qualify for Xilinx software updates or new releases.


----------------------------------------------------------------------
This is a Full version of ISim.
WARNING:  For instance uut/fwd2/, width 5 of formal port M_a3 is not equal to width 32 of actual constant.
WARNING:  For instance uut/fwd2/, width 1 of formal port M_we is not equal to width 32 of actual constant.
Time resolution is 1 ps
# onerror resume
# wave add /
# run 1000 ns
Simulator is doing circuit initialization process.
Finished circuit initialization process.
                  45@00003000: $ 8 <= 00000001
                  55@00003004: $ 9 <= 00000002
                  65@00003008: $10 <= 00000001
